start: s0
accept: ac
reject: rj
blank: _

s0 1 -> s1 b >
s0 0 -> s1 a >

s1 1 -> s1 1 >
s1 0 -> s1 0 >
s1 a -> s2 a <
s1 b -> s2 b <
s1 _ -> s2 _ <

s2 1 -> s3 b <
s2 0 -> s3 a <

s3 1 -> s3 1 <
s3 0 -> s3 0 <
s3 a -> s0 a >
s3 b -> s0 b >
s3 _ -> s0 _ >

s0 a -> s4 a ^
s0 b -> s4 b ^
s2 a -> rj a ^
s2 b -> rj b ^

s4 a -> s4 0 >
s4 b -> s4 1 >
s4 _ -> s5 _ <

s5 + -> ac + ^
s5 0 -> s6 _ <
s5 1 -> s7 _ <

s6 0 -> s6 0 <
s6 1 -> s6 1 <
s6 + -> s6 + <
s6 a -> s8 + >
s6 b -> rj b ^

s7 0 -> s7 0 <
s7 1 -> s7 1 <
s7 + -> s7 + <
s7 b -> s8 + >
s7 a -> rj a ^

s8 + -> s8 + >
s8 0 -> s8 0 >
s8 1 -> s8 1 >
s8 _ -> s5 _ <